2015-07-27 12:23:59,680 [1] DEBUG NetworkManager [(null)] - Starting Server
2015-07-27 12:23:59,721 [1] DEBUG NetworkManager [(null)] - startServer called
2015-07-27 12:23:59,738 [1] DEBUG NetworkManager [(null)] - Server initialized
2015-07-27 12:23:59,743 [1] DEBUG NetworkManager [(null)] - Expected player count : 1
2015-07-27 12:23:59,747 [1] DEBUG NetworkManager [(null)] - StartGame called
2015-07-27 12:23:59,750 [1] DEBUG LockStepManager [(null)] - GameStart called. My PlayerID: 0
2015-07-27 12:23:59,754 [1] DEBUG LockStepManager [(null)] - Player 0 is ready to start the game.
2015-07-27 12:23:59,759 [1] DEBUG LockStepManager [(null)] - Server Message: Player 0 is confirming Player 0 is ready to start the game.
2015-07-27 12:23:59,764 [1] DEBUG LockStepManager [(null)] - All players are ready to start. Starting Game.
2015-07-27 12:23:59,769 [1] DEBUG LockStepManager [(null)] - WARNING!!! Unexpected null reference during game start. IsInit? True
2015-07-27 12:23:59,774 [1] DEBUG LockStepManager [(null)] - LockStepTurnID: 0
2015-07-27 12:23:59,796 [1] DEBUG LockStepManager [(null)] - Sent NoAction action for turn 1
2015-07-27 12:24:00,123 [1] DEBUG LockStepManager [(null)] - LockStepTurnID: 1
2015-07-27 12:24:00,127 [1] DEBUG LockStepManager [(null)] - Sent NoAction action for turn 2
2015-07-27 12:24:00,225 [1] DEBUG NetworkManager [(null)] - Master Server Event: RegistrationSucceeded
2015-07-27 12:24:00,526 [1] DEBUG LockStepManager [(null)] - LockStepTurnID: 2
2015-07-27 12:24:00,538 [1] DEBUG LockStepManager [(null)] - Sent NoAction action for turn 3
2015-07-27 12:24:00,894 [1] DEBUG LockStepManager [(null)] - LockStepTurnID: 3
2015-07-27 12:24:00,903 [1] DEBUG LockStepManager [(null)] - Sent NoAction action for turn 4
2015-07-27 12:24:01,235 [1] DEBUG LockStepManager [(null)] - LockStepTurnID: 4
2015-07-27 12:24:01,246 [1] DEBUG LockStepManager [(null)] - Sent NoAction action for turn 5
2015-07-27 12:24:01,463 [1] DEBUG LockStepManager [(null)] - LockStepTurnID: 5
2015-07-27 12:24:01,469 [1] DEBUG LockStepManager [(null)] - Sent NoAction action for turn 6
2015-07-27 12:24:01,661 [1] DEBUG LockStepManager [(null)] - LockStepTurnID: 6
2015-07-27 12:24:01,666 [1] DEBUG LockStepManager [(null)] - Sent NoAction action for turn 7
2015-07-27 12:24:01,849 [1] DEBUG LockStepManager [(null)] - LockStepTurnID: 7
2015-07-27 12:24:01,855 [1] DEBUG LockStepManager [(null)] - Sent NoAction action for turn 8
2015-07-27 12:24:02,015 [1] DEBUG LockStepManager [(null)] - LockStepTurnID: 8
2015-07-27 12:24:02,020 [1] DEBUG LockStepManager [(null)] - Sent NoAction action for turn 9
2015-07-27 12:24:02,168 [1] DEBUG LockStepManager [(null)] - LockStepTurnID: 9
2015-07-27 12:24:02,173 [1] DEBUG LockStepManager [(null)] - Sent NoAction action for turn 10
2015-07-27 12:24:02,322 [1] DEBUG LockStepManager [(null)] - LockStepTurnID: 10
2015-07-27 12:24:02,328 [1] DEBUG LockStepManager [(null)] - Sent NoAction action for turn 11
2015-07-27 12:24:02,442 [1] DEBUG LockStepManager [(null)] - LockStepTurnID: 11
2015-07-27 12:24:02,448 [1] DEBUG LockStepManager [(null)] - Sent NoAction action for turn 12
2015-07-27 12:24:02,564 [1] DEBUG LockStepManager [(null)] - LockStepTurnID: 12
2015-07-27 12:24:02,570 [1] DEBUG LockStepManager [(null)] - Sent NoAction action for turn 13
2015-07-27 12:24:02,682 [1] DEBUG LockStepManager [(null)] - LockStepTurnID: 13
2015-07-27 12:24:02,687 [1] DEBUG LockStepManager [(null)] - Sent NoAction action for turn 14
2015-07-27 12:24:02,784 [1] DEBUG LockStepManager [(null)] - LockStepTurnID: 14
2015-07-27 12:24:02,789 [1] DEBUG LockStepManager [(null)] - Sent NoAction action for turn 15
2015-07-27 12:24:02,900 [1] DEBUG LockStepManager [(null)] - LockStepTurnID: 15
2015-07-27 12:24:02,905 [1] DEBUG LockStepManager [(null)] - Sent NoAction action for turn 16
2015-07-27 12:24:02,979 [1] DEBUG LockStepManager [(null)] - LockStepTurnID: 16
2015-07-27 12:24:02,984 [1] DEBUG LockStepManager [(null)] - Sent NoAction action for turn 17
2015-07-27 12:24:03,013 [1] DEBUG LockStepManager [(null)] - LockStepTurnID: 17
2015-07-27 12:24:03,018 [1] DEBUG LockStepManager [(null)] - Sent NoAction action for turn 18
2015-07-27 12:24:03,056 [1] DEBUG LockStepManager [(null)] - LockStepTurnID: 18
2015-07-27 12:24:03,062 [1] DEBUG LockStepManager [(null)] - Sent NoAction action for turn 19
2015-07-27 12:24:03,103 [1] DEBUG LockStepManager [(null)] - LockStepTurnID: 19
2015-07-27 12:24:03,108 [1] DEBUG LockStepManager [(null)] - Sent NoAction action for turn 20
2015-07-27 12:24:03,141 [1] DEBUG LockStepManager [(null)] - LockStepTurnID: 20
2015-07-27 12:24:03,146 [1] DEBUG LockStepManager [(null)] - Sent NoAction action for turn 21
2015-07-27 12:24:03,160 [1] DEBUG LockStepManager [(null)] - LockStepTurnID: 21
2015-07-27 12:24:03,165 [1] DEBUG LockStepManager [(null)] - Sent NoAction action for turn 22
2015-07-27 12:24:03,191 [1] DEBUG LockStepManager [(null)] - LockStepTurnID: 22
2015-07-27 12:24:03,197 [1] DEBUG LockStepManager [(null)] - Sent NoAction action for turn 23
2015-07-27 12:24:03,229 [1] DEBUG LockStepManager [(null)] - LockStepTurnID: 23
2015-07-27 12:24:03,235 [1] DEBUG LockStepManager [(null)] - Sent NoAction action for turn 24
2015-07-27 12:24:03,263 [1] DEBUG LockStepManager [(null)] - LockStepTurnID: 24
2015-07-27 12:24:03,266 [1] DEBUG LockStepManager [(null)] - Sent NoAction action for turn 25
2015-07-27 12:24:03,280 [1] DEBUG LockStepManager [(null)] - LockStepTurnID: 25
2015-07-27 12:24:03,283 [1] DEBUG LockStepManager [(null)] - Sent NoAction action for turn 26
2015-07-27 12:24:03,314 [1] DEBUG LockStepManager [(null)] - LockStepTurnID: 26
2015-07-27 12:24:03,317 [1] DEBUG LockStepManager [(null)] - Sent NoAction action for turn 27
2015-07-27 12:24:03,364 [1] DEBUG LockStepManager [(null)] - LockStepTurnID: 27
2015-07-27 12:24:03,367 [1] DEBUG LockStepManager [(null)] - Sent NoAction action for turn 28
2015-07-27 12:24:03,381 [1] DEBUG LockStepManager [(null)] - LockStepTurnID: 28
2015-07-27 12:24:03,384 [1] DEBUG LockStepManager [(null)] - Sent NoAction action for turn 29
2015-07-27 12:24:03,415 [1] DEBUG LockStepManager [(null)] - LockStepTurnID: 29
2015-07-27 12:24:03,418 [1] DEBUG LockStepManager [(null)] - Sent NoAction action for turn 30
2015-07-27 12:24:03,448 [1] DEBUG LockStepManager [(null)] - LockStepTurnID: 30
2015-07-27 12:24:03,451 [1] DEBUG LockStepManager [(null)] - Sent NoAction action for turn 31
2015-07-27 12:24:03,482 [1] DEBUG LockStepManager [(null)] - LockStepTurnID: 31
2015-07-27 12:24:03,485 [1] DEBUG LockStepManager [(null)] - Sent NoAction action for turn 32
2015-07-27 12:24:03,499 [1] DEBUG LockStepManager [(null)] - LockStepTurnID: 32
2015-07-27 12:24:03,502 [1] DEBUG LockStepManager [(null)] - Sent NoAction action for turn 33
2015-07-27 12:24:03,516 [1] DEBUG LockStepManager [(null)] - LockStepTurnID: 33
2015-07-27 12:24:03,519 [1] DEBUG LockStepManager [(null)] - Sent NoAction action for turn 34
2015-07-27 12:24:03,555 [1] DEBUG LockStepManager [(null)] - LockStepTurnID: 34
2015-07-27 12:24:03,558 [1] DEBUG LockStepManager [(null)] - Sent NoAction action for turn 35
2015-07-27 12:24:03,572 [1] DEBUG LockStepManager [(null)] - LockStepTurnID: 35
2015-07-27 12:24:03,574 [1] DEBUG LockStepManager [(null)] - Sent NoAction action for turn 36
2015-07-27 12:24:03,588 [1] DEBUG LockStepManager [(null)] - LockStepTurnID: 36
2015-07-27 12:24:03,591 [1] DEBUG LockStepManager [(null)] - Sent NoAction action for turn 37
2015-07-27 12:24:03,622 [1] DEBUG LockStepManager [(null)] - LockStepTurnID: 37
2015-07-27 12:24:03,625 [1] DEBUG LockStepManager [(null)] - Sent NoAction action for turn 38
2015-07-27 12:24:03,639 [1] DEBUG LockStepManager [(null)] - LockStepTurnID: 38
2015-07-27 12:24:03,642 [1] DEBUG LockStepManager [(null)] - Sent NoAction action for turn 39
2015-07-27 12:24:03,656 [1] DEBUG LockStepManager [(null)] - LockStepTurnID: 39
2015-07-27 12:24:03,659 [1] DEBUG LockStepManager [(null)] - Sent NoAction action for turn 40
2015-07-27 12:24:03,673 [1] DEBUG LockStepManager [(null)] - LockStepTurnID: 40
2015-07-27 12:24:03,676 [1] DEBUG LockStepManager [(null)] - Sent NoAction action for turn 41
2015-07-27 12:24:03,696 [1] DEBUG LockStepManager [(null)] - LockStepTurnID: 41
2015-07-27 12:24:03,699 [1] DEBUG LockStepManager [(null)] - Sent NoAction action for turn 42
2015-07-27 12:24:03,710 [1] DEBUG LockStepManager [(null)] - LockStepTurnID: 42
2015-07-27 12:24:03,713 [1] DEBUG LockStepManager [(null)] - Sent NoAction action for turn 43
2015-07-27 12:24:03,726 [1] DEBUG LockStepManager [(null)] - LockStepTurnID: 43
2015-07-27 12:24:03,729 [1] DEBUG LockStepManager [(null)] - Sent NoAction action for turn 44
2015-07-27 12:24:03,743 [1] DEBUG LockStepManager [(null)] - LockStepTurnID: 44
2015-07-27 12:24:03,745 [1] DEBUG LockStepManager [(null)] - Sent NoAction action for turn 45
2015-07-27 12:24:03,759 [1] DEBUG LockStepManager [(null)] - LockStepTurnID: 45
2015-07-27 12:24:03,762 [1] DEBUG LockStepManager [(null)] - Sent NoAction action for turn 46
2015-07-27 12:24:03,781 [1] DEBUG LockStepManager [(null)] - LockStepTurnID: 46
2015-07-27 12:24:03,784 [1] DEBUG LockStepManager [(null)] - Sent NoAction action for turn 47
2015-07-27 12:24:03,797 [1] DEBUG LockStepManager [(null)] - LockStepTurnID: 47
2015-07-27 12:24:03,800 [1] DEBUG LockStepManager [(null)] - Sent NoAction action for turn 48
2015-07-27 12:24:03,814 [1] DEBUG LockStepManager [(null)] - LockStepTurnID: 48
2015-07-27 12:24:03,817 [1] DEBUG LockStepManager [(null)] - Sent NoAction action for turn 49
2015-07-27 12:24:03,831 [1] DEBUG LockStepManager [(null)] - LockStepTurnID: 49
2015-07-27 12:24:03,834 [1] DEBUG LockStepManager [(null)] - Sent NoAction action for turn 50
2015-07-27 12:24:03,854 [1] DEBUG LockStepManager [(null)] - LockStepTurnID: 50
2015-07-27 12:24:03,857 [1] DEBUG LockStepManager [(null)] - Sent NoAction action for turn 51
2015-07-27 12:24:03,868 [1] DEBUG LockStepManager [(null)] - LockStepTurnID: 51
2015-07-27 12:24:03,871 [1] DEBUG LockStepManager [(null)] - Sent NoAction action for turn 52
2015-07-27 12:24:03,884 [1] DEBUG LockStepManager [(null)] - LockStepTurnID: 52
2015-07-27 12:24:03,887 [1] DEBUG LockStepManager [(null)] - Sent NoAction action for turn 53
2015-07-27 12:24:03,901 [1] DEBUG LockStepManager [(null)] - LockStepTurnID: 53
2015-07-27 12:24:03,904 [1] DEBUG LockStepManager [(null)] - Sent NoAction action for turn 54
2015-07-27 12:24:03,918 [1] DEBUG LockStepManager [(null)] - LockStepTurnID: 54
2015-07-27 12:24:03,921 [1] DEBUG LockStepManager [(null)] - Sent NoAction action for turn 55
2015-07-27 12:24:03,935 [1] DEBUG LockStepManager [(null)] - LockStepTurnID: 55
2015-07-27 12:24:03,938 [1] DEBUG LockStepManager [(null)] - Sent NoAction action for turn 56
2015-07-27 12:24:03,952 [1] DEBUG LockStepManager [(null)] - LockStepTurnID: 56
2015-07-27 12:24:03,961 [1] DEBUG LockStepManager [(null)] - Sent NoAction action for turn 57
2015-07-27 12:24:03,972 [1] DEBUG LockStepManager [(null)] - LockStepTurnID: 57
2015-07-27 12:24:03,975 [1] DEBUG LockStepManager [(null)] - Sent NoAction action for turn 58
2015-07-27 12:24:03,993 [1] DEBUG LockStepManager [(null)] - LockStepTurnID: 58
2015-07-27 12:24:03,996 [1] DEBUG LockStepManager [(null)] - Sent NoAction action for turn 59
2015-07-27 12:24:04,012 [1] DEBUG LockStepManager [(null)] - LockStepTurnID: 59
2015-07-27 12:24:04,015 [1] DEBUG LockStepManager [(null)] - Sent NoAction action for turn 60
2015-07-27 12:24:04,029 [1] DEBUG LockStepManager [(null)] - LockStepTurnID: 60
2015-07-27 12:24:04,032 [1] DEBUG LockStepManager [(null)] - Sent NoAction action for turn 61
2015-07-27 12:24:04,046 [1] DEBUG LockStepManager [(null)] - LockStepTurnID: 61
2015-07-27 12:24:04,048 [1] DEBUG LockStepManager [(null)] - Sent NoAction action for turn 62
2015-07-27 12:24:04,079 [1] DEBUG LockStepManager [(null)] - LockStepTurnID: 62
2015-07-27 12:24:04,082 [1] DEBUG LockStepManager [(null)] - Sent NoAction action for turn 63
2015-07-27 12:24:04,096 [1] DEBUG LockStepManager [(null)] - LockStepTurnID: 63
2015-07-27 12:24:04,099 [1] DEBUG LockStepManager [(null)] - Sent NoAction action for turn 64
2015-07-27 12:24:04,113 [1] DEBUG LockStepManager [(null)] - LockStepTurnID: 64
2015-07-27 12:24:04,116 [1] DEBUG LockStepManager [(null)] - Sent NoAction action for turn 65
2015-07-27 12:24:04,147 [1] DEBUG LockStepManager [(null)] - LockStepTurnID: 65
2015-07-27 12:24:04,149 [1] DEBUG LockStepManager [(null)] - Sent NoAction action for turn 66
2015-07-27 12:24:04,164 [1] DEBUG LockStepManager [(null)] - LockStepTurnID: 66
2015-07-27 12:24:04,167 [1] DEBUG LockStepManager [(null)] - Sent NoAction action for turn 67
2015-07-27 12:24:04,185 [1] DEBUG LockStepManager [(null)] - LockStepTurnID: 67
2015-07-27 12:24:04,189 [1] DEBUG LockStepManager [(null)] - Sent NoAction action for turn 68
2015-07-27 12:24:04,207 [1] DEBUG LockStepManager [(null)] - LockStepTurnID: 68
2015-07-27 12:24:04,210 [1] DEBUG LockStepManager [(null)] - Sent NoAction action for turn 69
2015-07-27 12:24:04,213 [1] DEBUG LockStepManager [(null)] - LockStepTurnID: 69
2015-07-27 12:24:04,216 [1] DEBUG LockStepManager [(null)] - Sent NoAction action for turn 70
2015-07-27 12:24:04,227 [1] DEBUG LockStepManager [(null)] - LockStepTurnID: 70
2015-07-27 12:24:04,230 [1] DEBUG LockStepManager [(null)] - Sent NoAction action for turn 71
2015-07-27 12:24:04,257 [1] DEBUG LockStepManager [(null)] - LockStepTurnID: 71
2015-07-27 12:24:04,260 [1] DEBUG LockStepManager [(null)] - Sent NoAction action for turn 72
2015-07-27 12:24:04,274 [1] DEBUG LockStepManager [(null)] - LockStepTurnID: 72
2015-07-27 12:24:04,277 [1] DEBUG LockStepManager [(null)] - Sent NoAction action for turn 73
2015-07-27 12:24:04,308 [1] DEBUG LockStepManager [(null)] - LockStepTurnID: 73
2015-07-27 12:24:04,310 [1] DEBUG LockStepManager [(null)] - Sent NoAction action for turn 74
2015-07-27 12:24:04,325 [1] DEBUG LockStepManager [(null)] - LockStepTurnID: 74
2015-07-27 12:24:04,327 [1] DEBUG LockStepManager [(null)] - Sent NoAction action for turn 75
2015-07-27 12:24:04,349 [1] DEBUG LockStepManager [(null)] - LockStepTurnID: 75
2015-07-27 12:24:04,352 [1] DEBUG LockStepManager [(null)] - Sent NoAction action for turn 76
2015-07-27 12:24:04,363 [1] DEBUG LockStepManager [(null)] - LockStepTurnID: 76
2015-07-27 12:24:04,366 [1] DEBUG LockStepManager [(null)] - Sent NoAction action for turn 77
2015-07-27 12:24:04,378 [1] DEBUG LockStepManager [(null)] - LockStepTurnID: 77
2015-07-27 12:24:04,381 [1] DEBUG LockStepManager [(null)] - Sent NoAction action for turn 78
2015-07-27 12:24:04,394 [1] DEBUG LockStepManager [(null)] - LockStepTurnID: 78
2015-07-27 12:24:04,397 [1] DEBUG LockStepManager [(null)] - Sent NoAction action for turn 79
2015-07-27 12:24:04,416 [1] DEBUG LockStepManager [(null)] - LockStepTurnID: 79
2015-07-27 12:24:04,419 [1] DEBUG LockStepManager [(null)] - Sent NoAction action for turn 80
2015-07-27 12:24:04,433 [1] DEBUG LockStepManager [(null)] - LockStepTurnID: 80
2015-07-27 12:24:04,436 [1] DEBUG LockStepManager [(null)] - Sent NoAction action for turn 81
2015-07-27 12:24:04,449 [1] DEBUG LockStepManager [(null)] - LockStepTurnID: 81
2015-07-27 12:24:04,452 [1] DEBUG LockStepManager [(null)] - Sent NoAction action for turn 82
2015-07-27 12:24:04,466 [1] DEBUG LockStepManager [(null)] - LockStepTurnID: 82
2015-07-27 12:24:04,469 [1] DEBUG LockStepManager [(null)] - Sent NoAction action for turn 83
2015-07-27 12:24:04,500 [1] DEBUG LockStepManager [(null)] - LockStepTurnID: 83
2015-07-27 12:24:04,503 [1] DEBUG LockStepManager [(null)] - Sent NoAction action for turn 84
2015-07-27 12:24:04,517 [1] DEBUG LockStepManager [(null)] - LockStepTurnID: 84
2015-07-27 12:24:04,520 [1] DEBUG LockStepManager [(null)] - Sent NoAction action for turn 85
2015-07-27 12:24:04,534 [1] DEBUG LockStepManager [(null)] - LockStepTurnID: 85
2015-07-27 12:24:04,537 [1] DEBUG LockStepManager [(null)] - Sent NoAction action for turn 86
2015-07-27 12:24:04,550 [1] DEBUG LockStepManager [(null)] - LockStepTurnID: 86
2015-07-27 12:24:04,554 [1] DEBUG LockStepManager [(null)] - Sent NoAction action for turn 87
2015-07-27 12:24:04,567 [1] DEBUG LockStepManager [(null)] - LockStepTurnID: 87
2015-07-27 12:24:04,570 [1] DEBUG LockStepManager [(null)] - Sent NoAction action for turn 88
2015-07-27 12:24:04,584 [1] DEBUG LockStepManager [(null)] - LockStepTurnID: 88
2015-07-27 12:24:04,587 [1] DEBUG LockStepManager [(null)] - Sent NoAction action for turn 89
2015-07-27 12:24:04,601 [1] DEBUG LockStepManager [(null)] - LockStepTurnID: 89
2015-07-27 12:24:04,604 [1] DEBUG LockStepManager [(null)] - Sent NoAction action for turn 90
2015-07-27 12:24:04,622 [1] DEBUG LockStepManager [(null)] - LockStepTurnID: 90
2015-07-27 12:24:04,631 [1] DEBUG LockStepManager [(null)] - Sent NoAction action for turn 91
2015-07-27 12:24:04,641 [1] DEBUG LockStepManager [(null)] - LockStepTurnID: 91
2015-07-27 12:24:04,644 [1] DEBUG LockStepManager [(null)] - Sent NoAction action for turn 92
2015-07-27 12:24:04,665 [1] DEBUG LockStepManager [(null)] - LockStepTurnID: 92
2015-07-27 12:24:04,668 [1] DEBUG LockStepManager [(null)] - Sent NoAction action for turn 93
2015-07-27 12:24:04,671 [1] DEBUG LockStepManager [(null)] - LockStepTurnID: 93
2015-07-27 12:24:04,674 [1] DEBUG LockStepManager [(null)] - Sent NoAction action for turn 94
2015-07-27 12:24:04,695 [1] DEBUG LockStepManager [(null)] - LockStepTurnID: 94
2015-07-27 12:24:04,698 [1] DEBUG LockStepManager [(null)] - Sent NoAction action for turn 95
2015-07-27 12:24:04,712 [1] DEBUG LockStepManager [(null)] - LockStepTurnID: 95
2015-07-27 12:24:04,715 [1] DEBUG LockStepManager [(null)] - Sent NoAction action for turn 96
2015-07-27 12:24:04,729 [1] DEBUG LockStepManager [(null)] - LockStepTurnID: 96
2015-07-27 12:24:04,732 [1] DEBUG LockStepManager [(null)] - Sent NoAction action for turn 97
2015-07-27 12:24:04,762 [1] DEBUG LockStepManager [(null)] - LockStepTurnID: 97
2015-07-27 12:24:04,765 [1] DEBUG LockStepManager [(null)] - Sent NoAction action for turn 98
2015-07-27 12:24:04,779 [1] DEBUG LockStepManager [(null)] - LockStepTurnID: 98
2015-07-27 12:24:04,782 [1] DEBUG LockStepManager [(null)] - Sent NoAction action for turn 99
2015-07-27 12:24:04,796 [1] DEBUG LockStepManager [(null)] - LockStepTurnID: 99
2015-07-27 12:24:04,799 [1] DEBUG LockStepManager [(null)] - Sent NoAction action for turn 100
2015-07-27 12:24:04,815 [1] DEBUG LockStepManager [(null)] - LockStepTurnID: 100
2015-07-27 12:24:04,818 [1] DEBUG LockStepManager [(null)] - Sent NoAction action for turn 101
2015-07-27 12:24:04,836 [1] DEBUG LockStepManager [(null)] - LockStepTurnID: 101
2015-07-27 12:24:04,839 [1] DEBUG LockStepManager [(null)] - Sent NoAction action for turn 102
2015-07-27 12:24:04,853 [1] DEBUG LockStepManager [(null)] - LockStepTurnID: 102
2015-07-27 12:24:04,856 [1] DEBUG LockStepManager [(null)] - Sent NoAction action for turn 103
2015-07-27 12:24:04,870 [1] DEBUG LockStepManager [(null)] - LockStepTurnID: 103
2015-07-27 12:24:04,873 [1] DEBUG LockStepManager [(null)] - Sent NoAction action for turn 104
2015-07-27 12:24:04,887 [1] DEBUG LockStepManager [(null)] - LockStepTurnID: 104
2015-07-27 12:24:04,890 [1] DEBUG LockStepManager [(null)] - Sent NoAction action for turn 105
2015-07-27 12:24:04,904 [1] DEBUG LockStepManager [(null)] - LockStepTurnID: 105
2015-07-27 12:24:04,907 [1] DEBUG LockStepManager [(null)] - Sent NoAction action for turn 106
2015-07-27 12:24:04,920 [1] DEBUG LockStepManager [(null)] - LockStepTurnID: 106
2015-07-27 12:24:04,923 [1] DEBUG LockStepManager [(null)] - Sent NoAction action for turn 107
2015-07-27 12:24:04,937 [1] DEBUG LockStepManager [(null)] - LockStepTurnID: 107
2015-07-27 12:24:04,940 [1] DEBUG LockStepManager [(null)] - Sent NoAction action for turn 108
2015-07-27 12:24:04,954 [1] DEBUG LockStepManager [(null)] - LockStepTurnID: 108
2015-07-27 12:24:04,957 [1] DEBUG LockStepManager [(null)] - Sent NoAction action for turn 109
2015-07-27 12:24:04,977 [1] DEBUG LockStepManager [(null)] - LockStepTurnID: 109
2015-07-27 12:24:04,981 [1] DEBUG LockStepManager [(null)] - Sent NoAction action for turn 110
2015-07-27 12:24:04,992 [1] DEBUG LockStepManager [(null)] - LockStepTurnID: 110
2015-07-27 12:24:04,995 [1] DEBUG LockStepManager [(null)] - Sent NoAction action for turn 111
2015-07-27 12:24:05,007 [1] DEBUG LockStepManager [(null)] - LockStepTurnID: 111
2015-07-27 12:24:05,010 [1] DEBUG LockStepManager [(null)] - Sent NoAction action for turn 112
2015-07-27 12:24:05,024 [1] DEBUG LockStepManager [(null)] - LockStepTurnID: 112
2015-07-27 12:24:05,027 [1] DEBUG LockStepManager [(null)] - Sent NoAction action for turn 113
2015-07-27 12:24:05,041 [1] DEBUG LockStepManager [(null)] - LockStepTurnID: 113
2015-07-27 12:24:05,044 [1] DEBUG LockStepManager [(null)] - Sent NoAction action for turn 114
2015-07-27 12:24:05,062 [1] DEBUG LockStepManager [(null)] - LockStepTurnID: 114
2015-07-27 12:24:05,065 [1] DEBUG LockStepManager [(null)] - Sent NoAction action for turn 115
2015-07-27 12:24:05,079 [1] DEBUG LockStepManager [(null)] - LockStepTurnID: 115
2015-07-27 12:24:05,082 [1] DEBUG LockStepManager [(null)] - Sent NoAction action for turn 116
2015-07-27 12:24:05,096 [1] DEBUG LockStepManager [(null)] - LockStepTurnID: 116
2015-07-27 12:24:05,098 [1] DEBUG LockStepManager [(null)] - Sent NoAction action for turn 117
2015-07-27 12:24:05,112 [1] DEBUG LockStepManager [(null)] - LockStepTurnID: 117
2015-07-27 12:24:05,115 [1] DEBUG LockStepManager [(null)] - Sent NoAction action for turn 118
2015-07-27 12:24:05,136 [1] DEBUG LockStepManager [(null)] - LockStepTurnID: 118
2015-07-27 12:24:05,139 [1] DEBUG LockStepManager [(null)] - Sent NoAction action for turn 119
2015-07-27 12:24:05,165 [1] DEBUG LockStepManager [(null)] - LockStepTurnID: 119
2015-07-27 12:24:05,168 [1] DEBUG LockStepManager [(null)] - Sent NoAction action for turn 120
2015-07-27 12:24:05,182 [1] DEBUG LockStepManager [(null)] - LockStepTurnID: 120
2015-07-27 12:24:05,185 [1] DEBUG LockStepManager [(null)] - Sent NoAction action for turn 121
2015-07-27 12:24:05,199 [1] DEBUG LockStepManager [(null)] - LockStepTurnID: 121
2015-07-27 12:24:05,202 [1] DEBUG LockStepManager [(null)] - Sent NoAction action for turn 122
2015-07-27 12:24:05,216 [1] DEBUG LockStepManager [(null)] - LockStepTurnID: 122
2015-07-27 12:24:05,219 [1] DEBUG LockStepManager [(null)] - Sent NoAction action for turn 123
2015-07-27 12:24:05,233 [1] DEBUG LockStepManager [(null)] - LockStepTurnID: 123
2015-07-27 12:24:05,236 [1] DEBUG LockStepManager [(null)] - Sent NoAction action for turn 124
2015-07-27 12:24:05,250 [1] DEBUG LockStepManager [(null)] - LockStepTurnID: 124
2015-07-27 12:24:05,253 [1] DEBUG LockStepManager [(null)] - Sent NoAction action for turn 125
2015-07-27 12:24:05,276 [1] DEBUG LockStepManager [(null)] - LockStepTurnID: 125
2015-07-27 12:24:05,279 [1] DEBUG LockStepManager [(null)] - Sent NoAction action for turn 126
2015-07-27 12:24:05,282 [1] DEBUG LockStepManager [(null)] - LockStepTurnID: 126
2015-07-27 12:24:05,285 [1] DEBUG LockStepManager [(null)] - Sent NoAction action for turn 127
2015-07-27 12:24:05,302 [1] DEBUG LockStepManager [(null)] - LockStepTurnID: 127
2015-07-27 12:24:05,305 [1] DEBUG LockStepManager [(null)] - Sent NoAction action for turn 128
2015-07-27 12:24:05,319 [1] DEBUG LockStepManager [(null)] - LockStepTurnID: 128
2015-07-27 12:24:05,322 [1] DEBUG LockStepManager [(null)] - Sent NoAction action for turn 129
2015-07-27 12:24:05,352 [1] DEBUG LockStepManager [(null)] - LockStepTurnID: 129
2015-07-27 12:24:05,355 [1] DEBUG LockStepManager [(null)] - Sent NoAction action for turn 130
2015-07-27 12:24:05,369 [1] DEBUG LockStepManager [(null)] - LockStepTurnID: 130
2015-07-27 12:24:05,372 [1] DEBUG LockStepManager [(null)] - Sent NoAction action for turn 131
2015-07-27 12:24:05,403 [1] DEBUG LockStepManager [(null)] - LockStepTurnID: 131
2015-07-27 12:24:05,406 [1] DEBUG LockStepManager [(null)] - Sent NoAction action for turn 132
2015-07-27 12:24:05,420 [1] DEBUG LockStepManager [(null)] - LockStepTurnID: 132
2015-07-27 12:24:05,423 [1] DEBUG LockStepManager [(null)] - Sent NoAction action for turn 133
2015-07-27 12:24:05,453 [1] DEBUG LockStepManager [(null)] - LockStepTurnID: 133
2015-07-27 12:24:05,457 [1] DEBUG LockStepManager [(null)] - Sent NoAction action for turn 134
2015-07-27 12:24:05,475 [1] DEBUG LockStepManager [(null)] - LockStepTurnID: 134
2015-07-27 12:24:05,478 [1] DEBUG LockStepManager [(null)] - Sent NoAction action for turn 135
2015-07-27 12:24:05,492 [1] DEBUG LockStepManager [(null)] - LockStepTurnID: 135
2015-07-27 12:24:05,495 [1] DEBUG LockStepManager [(null)] - Sent NoAction action for turn 136
2015-07-27 12:24:05,509 [1] DEBUG LockStepManager [(null)] - LockStepTurnID: 136
2015-07-27 12:24:05,512 [1] DEBUG LockStepManager [(null)] - Sent NoAction action for turn 137
2015-07-27 12:24:05,526 [1] DEBUG LockStepManager [(null)] - LockStepTurnID: 137
2015-07-27 12:24:05,529 [1] DEBUG LockStepManager [(null)] - Sent NoAction action for turn 138
2015-07-27 12:24:05,559 [1] DEBUG LockStepManager [(null)] - LockStepTurnID: 138
2015-07-27 12:24:05,562 [1] DEBUG LockStepManager [(null)] - Sent NoAction action for turn 139
2015-07-27 12:24:05,576 [1] DEBUG LockStepManager [(null)] - LockStepTurnID: 139
2015-07-27 12:24:05,579 [1] DEBUG LockStepManager [(null)] - Sent NoAction action for turn 140
2015-07-27 12:24:05,593 [1] DEBUG LockStepManager [(null)] - LockStepTurnID: 140
2015-07-27 12:24:05,596 [1] DEBUG LockStepManager [(null)] - Sent NoAction action for turn 141
2015-07-27 12:24:05,616 [1] DEBUG LockStepManager [(null)] - LockStepTurnID: 141
2015-07-27 12:24:05,620 [1] DEBUG LockStepManager [(null)] - Sent NoAction action for turn 142
2015-07-27 12:24:05,631 [1] DEBUG LockStepManager [(null)] - LockStepTurnID: 142
2015-07-27 12:24:05,634 [1] DEBUG LockStepManager [(null)] - Sent NoAction action for turn 143
2015-07-27 12:24:05,646 [1] DEBUG LockStepManager [(null)] - LockStepTurnID: 143
2015-07-27 12:24:05,649 [1] DEBUG LockStepManager [(null)] - Sent NoAction action for turn 144
2015-07-27 12:24:05,663 [1] DEBUG LockStepManager [(null)] - LockStepTurnID: 144
2015-07-27 12:24:05,666 [1] DEBUG LockStepManager [(null)] - Sent NoAction action for turn 145
2015-07-27 12:24:05,684 [1] DEBUG LockStepManager [(null)] - LockStepTurnID: 145
2015-07-27 12:24:05,687 [1] DEBUG LockStepManager [(null)] - Sent NoAction action for turn 146
2015-07-27 12:24:05,701 [1] DEBUG LockStepManager [(null)] - LockStepTurnID: 146
2015-07-27 12:24:05,704 [1] DEBUG LockStepManager [(null)] - Sent NoAction action for turn 147
2015-07-27 12:24:05,718 [1] DEBUG LockStepManager [(null)] - LockStepTurnID: 147
2015-07-27 12:24:05,721 [1] DEBUG LockStepManager [(null)] - Sent NoAction action for turn 148
2015-07-27 12:24:05,735 [1] DEBUG LockStepManager [(null)] - LockStepTurnID: 148
2015-07-27 12:24:05,737 [1] DEBUG LockStepManager [(null)] - Sent NoAction action for turn 149
2015-07-27 12:24:05,751 [1] DEBUG LockStepManager [(null)] - LockStepTurnID: 149
2015-07-27 12:24:05,754 [1] DEBUG LockStepManager [(null)] - Sent NoAction action for turn 150
2015-07-27 12:24:05,775 [1] DEBUG LockStepManager [(null)] - LockStepTurnID: 150
2015-07-27 12:24:05,778 [1] DEBUG LockStepManager [(null)] - Sent NoAction action for turn 151
2015-07-27 12:24:05,789 [1] DEBUG LockStepManager [(null)] - LockStepTurnID: 151
2015-07-27 12:24:05,792 [1] DEBUG LockStepManager [(null)] - Sent NoAction action for turn 152
2015-07-27 12:24:05,804 [1] DEBUG LockStepManager [(null)] - LockStepTurnID: 152
2015-07-27 12:24:05,807 [1] DEBUG LockStepManager [(null)] - Sent NoAction action for turn 153
2015-07-27 12:24:05,821 [1] DEBUG LockStepManager [(null)] - LockStepTurnID: 153
2015-07-27 12:24:05,824 [1] DEBUG LockStepManager [(null)] - Sent NoAction action for turn 154
2015-07-27 12:24:05,838 [1] DEBUG LockStepManager [(null)] - LockStepTurnID: 154
2015-07-27 12:24:05,841 [1] DEBUG LockStepManager [(null)] - Sent NoAction action for turn 155
2015-07-27 12:24:05,855 [1] DEBUG LockStepManager [(null)] - LockStepTurnID: 155
2015-07-27 12:24:05,858 [1] DEBUG LockStepManager [(null)] - Sent NoAction action for turn 156
2015-07-27 12:24:05,872 [1] DEBUG LockStepManager [(null)] - LockStepTurnID: 156
2015-07-27 12:24:05,875 [1] DEBUG LockStepManager [(null)] - Sent NoAction action for turn 157
2015-07-27 12:24:05,893 [1] DEBUG LockStepManager [(null)] - LockStepTurnID: 157
2015-07-27 12:24:05,896 [1] DEBUG LockStepManager [(null)] - Sent NoAction action for turn 158
2015-07-27 12:24:05,918 [1] DEBUG LockStepManager [(null)] - LockStepTurnID: 158
2015-07-27 12:24:05,921 [1] DEBUG LockStepManager [(null)] - Sent NoAction action for turn 159
2015-07-27 12:24:05,935 [1] DEBUG LockStepManager [(null)] - LockStepTurnID: 159
2015-07-27 12:24:05,938 [1] DEBUG LockStepManager [(null)] - Sent NoAction action for turn 160
2015-07-27 12:24:05,952 [1] DEBUG LockStepManager [(null)] - LockStepTurnID: 160
2015-07-27 12:24:05,955 [1] DEBUG LockStepManager [(null)] - Sent NoAction action for turn 161
2015-07-27 12:24:05,969 [1] DEBUG LockStepManager [(null)] - LockStepTurnID: 161
2015-07-27 12:24:05,971 [1] DEBUG LockStepManager [(null)] - Sent NoAction action for turn 162
2015-07-27 12:24:06,002 [1] DEBUG LockStepManager [(null)] - LockStepTurnID: 162
2015-07-27 12:24:06,005 [1] DEBUG LockStepManager [(null)] - Sent NoAction action for turn 163
2015-07-27 12:24:06,019 [1] DEBUG LockStepManager [(null)] - LockStepTurnID: 163
2015-07-27 12:24:06,022 [1] DEBUG LockStepManager [(null)] - Sent NoAction action for turn 164
2015-07-27 12:24:06,036 [1] DEBUG LockStepManager [(null)] - LockStepTurnID: 164
2015-07-27 12:24:06,039 [1] DEBUG LockStepManager [(null)] - Sent NoAction action for turn 165
2015-07-27 12:24:06,070 [1] DEBUG LockStepManager [(null)] - LockStepTurnID: 165
2015-07-27 12:24:06,073 [1] DEBUG LockStepManager [(null)] - Sent NoAction action for turn 166
2015-07-27 12:24:06,092 [1] DEBUG LockStepManager [(null)] - LockStepTurnID: 166
2015-07-27 12:24:06,095 [1] DEBUG LockStepManager [(null)] - Sent NoAction action for turn 167
2015-07-27 12:24:06,109 [1] DEBUG LockStepManager [(null)] - LockStepTurnID: 167
2015-07-27 12:24:06,112 [1] DEBUG LockStepManager [(null)] - Sent NoAction action for turn 168
2015-07-27 12:24:06,126 [1] DEBUG LockStepManager [(null)] - LockStepTurnID: 168
2015-07-27 12:24:06,129 [1] DEBUG LockStepManager [(null)] - Sent NoAction action for turn 169
2015-07-27 12:24:06,143 [1] DEBUG LockStepManager [(null)] - LockStepTurnID: 169
2015-07-27 12:24:06,146 [1] DEBUG LockStepManager [(null)] - Sent NoAction action for turn 170
2015-07-27 12:24:06,160 [1] DEBUG LockStepManager [(null)] - LockStepTurnID: 170
2015-07-27 12:24:06,162 [1] DEBUG LockStepManager [(null)] - Sent NoAction action for turn 171
2015-07-27 12:24:06,176 [1] DEBUG LockStepManager [(null)] - LockStepTurnID: 171
2015-07-27 12:24:06,179 [1] DEBUG LockStepManager [(null)] - Sent NoAction action for turn 172
2015-07-27 12:24:06,210 [1] DEBUG LockStepManager [(null)] - LockStepTurnID: 172
2015-07-27 12:24:06,213 [1] DEBUG LockStepManager [(null)] - Sent NoAction action for turn 173
2015-07-27 12:24:06,234 [1] DEBUG LockStepManager [(null)] - LockStepTurnID: 173
2015-07-27 12:24:06,237 [1] DEBUG LockStepManager [(null)] - Sent NoAction action for turn 174
2015-07-27 12:24:06,240 [1] DEBUG LockStepManager [(null)] - LockStepTurnID: 174
2015-07-27 12:24:06,242 [1] DEBUG LockStepManager [(null)] - Sent NoAction action for turn 175
2015-07-27 12:24:06,246 [1] DEBUG LockStepManager [(null)] - LockStepTurnID: 175
2015-07-27 12:24:06,249 [1] DEBUG LockStepManager [(null)] - Sent NoAction action for turn 176
2015-07-27 12:24:06,263 [1] DEBUG LockStepManager [(null)] - LockStepTurnID: 176
2015-07-27 12:24:06,266 [1] DEBUG LockStepManager [(null)] - Sent NoAction action for turn 177
2015-07-27 12:24:06,297 [1] DEBUG LockStepManager [(null)] - LockStepTurnID: 177
2015-07-27 12:24:06,300 [1] DEBUG LockStepManager [(null)] - Sent NoAction action for turn 178
2015-07-27 12:24:06,314 [1] DEBUG LockStepManager [(null)] - LockStepTurnID: 178
2015-07-27 12:24:06,317 [1] DEBUG LockStepManager [(null)] - Sent NoAction action for turn 179
2015-07-27 12:24:06,331 [1] DEBUG LockStepManager [(null)] - LockStepTurnID: 179
2015-07-27 12:24:06,334 [1] DEBUG LockStepManager [(null)] - Sent NoAction action for turn 180
2015-07-27 12:24:06,348 [1] DEBUG LockStepManager [(null)] - LockStepTurnID: 180
2015-07-27 12:24:06,350 [1] DEBUG LockStepManager [(null)] - Sent NoAction action for turn 181
2015-07-27 12:24:06,364 [1] DEBUG LockStepManager [(null)] - LockStepTurnID: 181
2015-07-27 12:24:06,367 [1] DEBUG LockStepManager [(null)] - Sent NoAction action for turn 182
2015-07-27 12:24:06,387 [1] DEBUG LockStepManager [(null)] - LockStepTurnID: 182
2015-07-27 12:24:06,390 [1] DEBUG LockStepManager [(null)] - Sent NoAction action for turn 183
2015-07-27 12:24:06,401 [1] DEBUG LockStepManager [(null)] - LockStepTurnID: 183
2015-07-27 12:24:06,405 [1] DEBUG LockStepManager [(null)] - Sent NoAction action for turn 184
2015-07-27 12:24:06,417 [1] DEBUG LockStepManager [(null)] - LockStepTurnID: 184
2015-07-27 12:24:06,420 [1] DEBUG LockStepManager [(null)] - Sent NoAction action for turn 185
2015-07-27 12:24:06,434 [1] DEBUG LockStepManager [(null)] - LockStepTurnID: 185
2015-07-27 12:24:06,437 [1] DEBUG LockStepManager [(null)] - Sent NoAction action for turn 186
2015-07-27 12:24:06,451 [1] DEBUG LockStepManager [(null)] - LockStepTurnID: 186
2015-07-27 12:24:06,454 [1] DEBUG LockStepManager [(null)] - Sent NoAction action for turn 187
2015-07-27 12:24:06,468 [1] DEBUG LockStepManager [(null)] - LockStepTurnID: 187
2015-07-27 12:24:06,471 [1] DEBUG LockStepManager [(null)] - Sent NoAction action for turn 188
2015-07-27 12:24:06,485 [1] DEBUG LockStepManager [(null)] - LockStepTurnID: 188
2015-07-27 12:24:06,487 [1] DEBUG LockStepManager [(null)] - Sent NoAction action for turn 189
2015-07-27 12:24:06,506 [1] DEBUG LockStepManager [(null)] - LockStepTurnID: 189
2015-07-27 12:24:06,509 [1] DEBUG LockStepManager [(null)] - Sent NoAction action for turn 190
2015-07-27 12:24:06,525 [1] DEBUG LockStepManager [(null)] - LockStepTurnID: 190
2015-07-27 12:24:06,528 [1] DEBUG LockStepManager [(null)] - Sent NoAction action for turn 191
2015-07-27 12:24:06,542 [1] DEBUG LockStepManager [(null)] - LockStepTurnID: 191
2015-07-27 12:24:06,545 [1] DEBUG LockStepManager [(null)] - Sent NoAction action for turn 192
2015-07-27 12:24:06,561 [1] DEBUG LockStepManager [(null)] - LockStepTurnID: 192
2015-07-27 12:24:06,564 [1] DEBUG LockStepManager [(null)] - Sent NoAction action for turn 193
2015-07-27 12:24:06,576 [1] DEBUG LockStepManager [(null)] - LockStepTurnID: 193
2015-07-27 12:24:06,579 [1] DEBUG LockStepManager [(null)] - Sent NoAction action for turn 194
2015-07-27 12:24:06,593 [1] DEBUG LockStepManager [(null)] - LockStepTurnID: 194
2015-07-27 12:24:06,596 [1] DEBUG LockStepManager [(null)] - Sent NoAction action for turn 195
2015-07-27 12:24:06,610 [1] DEBUG LockStepManager [(null)] - LockStepTurnID: 195
2015-07-27 12:24:06,613 [1] DEBUG LockStepManager [(null)] - Sent NoAction action for turn 196
2015-07-27 12:24:06,643 [1] DEBUG LockStepManager [(null)] - LockStepTurnID: 196
2015-07-27 12:24:06,646 [1] DEBUG LockStepManager [(null)] - Sent NoAction action for turn 197
2015-07-27 12:24:06,660 [1] DEBUG LockStepManager [(null)] - LockStepTurnID: 197
2015-07-27 12:24:06,663 [1] DEBUG LockStepManager [(null)] - Sent NoAction action for turn 198
2015-07-27 12:24:06,666 [1] DEBUG LockStepManager [(null)] - LockStepTurnID: 198
2015-07-27 12:24:06,669 [1] DEBUG LockStepManager [(null)] - Sent NoAction action for turn 199
2015-07-27 12:24:06,680 [1] DEBUG LockStepManager [(null)] - LockStepTurnID: 199
2015-07-27 12:24:06,683 [1] DEBUG LockStepManager [(null)] - Sent NoAction action for turn 200
2015-07-27 12:24:06,703 [1] DEBUG LockStepManager [(null)] - LockStepTurnID: 200
2015-07-27 12:24:06,706 [1] DEBUG LockStepManager [(null)] - Sent NoAction action for turn 201
2015-07-27 12:24:06,724 [1] DEBUG LockStepManager [(null)] - LockStepTurnID: 201
2015-07-27 12:24:06,727 [1] DEBUG LockStepManager [(null)] - Sent NoAction action for turn 202
2015-07-27 12:24:06,741 [1] DEBUG LockStepManager [(null)] - LockStepTurnID: 202
2015-07-27 12:24:06,744 [1] DEBUG LockStepManager [(null)] - Sent NoAction action for turn 203
2015-07-27 12:24:06,758 [1] DEBUG LockStepManager [(null)] - LockStepTurnID: 203
2015-07-27 12:24:06,761 [1] DEBUG LockStepManager [(null)] - Sent NoAction action for turn 204
2015-07-27 12:24:06,775 [1] DEBUG LockStepManager [(null)] - LockStepTurnID: 204
2015-07-27 12:24:06,778 [1] DEBUG LockStepManager [(null)] - Sent NoAction action for turn 205
2015-07-27 12:24:06,808 [1] DEBUG LockStepManager [(null)] - LockStepTurnID: 205
2015-07-27 12:24:06,811 [1] DEBUG LockStepManager [(null)] - Sent NoAction action for turn 206
2015-07-27 12:24:06,825 [1] DEBUG LockStepManager [(null)] - LockStepTurnID: 206
2015-07-27 12:24:06,828 [1] DEBUG LockStepManager [(null)] - Sent NoAction action for turn 207
2015-07-27 12:24:06,860 [1] DEBUG LockStepManager [(null)] - LockStepTurnID: 207
2015-07-27 12:24:06,863 [1] DEBUG LockStepManager [(null)] - Sent NoAction action for turn 208
2015-07-27 12:24:06,876 [1] DEBUG LockStepManager [(null)] - LockStepTurnID: 208
2015-07-27 12:24:06,879 [1] DEBUG LockStepManager [(null)] - Sent NoAction action for turn 209
2015-07-27 12:24:06,893 [1] DEBUG LockStepManager [(null)] - LockStepTurnID: 209
2015-07-27 12:24:06,896 [1] DEBUG LockStepManager [(null)] - Sent NoAction action for turn 210
2015-07-27 12:24:06,910 [1] DEBUG LockStepManager [(null)] - LockStepTurnID: 210
2015-07-27 12:24:06,912 [1] DEBUG LockStepManager [(null)] - Sent NoAction action for turn 211
2015-07-27 12:24:06,930 [1] DEBUG LockStepManager [(null)] - LockStepTurnID: 211
2015-07-27 12:24:06,933 [1] DEBUG LockStepManager [(null)] - Sent NoAction action for turn 212
2015-07-27 12:24:06,947 [1] DEBUG LockStepManager [(null)] - LockStepTurnID: 212
2015-07-27 12:24:06,950 [1] DEBUG LockStepManager [(null)] - Sent NoAction action for turn 213
2015-07-27 12:24:06,964 [1] DEBUG LockStepManager [(null)] - LockStepTurnID: 213
2015-07-27 12:24:06,967 [1] DEBUG LockStepManager [(null)] - Sent NoAction action for turn 214
2015-07-27 12:24:06,981 [1] DEBUG LockStepManager [(null)] - LockStepTurnID: 214
2015-07-27 12:24:06,984 [1] DEBUG LockStepManager [(null)] - Sent NoAction action for turn 215
2015-07-27 12:24:06,998 [1] DEBUG LockStepManager [(null)] - LockStepTurnID: 215
2015-07-27 12:24:07,001 [1] DEBUG LockStepManager [(null)] - Sent NoAction action for turn 216
2015-07-27 12:24:07,022 [1] DEBUG LockStepManager [(null)] - LockStepTurnID: 216
2015-07-27 12:24:07,025 [1] DEBUG LockStepManager [(null)] - Sent NoAction action for turn 217
2015-07-27 12:24:07,037 [1] DEBUG LockStepManager [(null)] - LockStepTurnID: 217
2015-07-27 12:24:07,040 [1] DEBUG LockStepManager [(null)] - Sent NoAction action for turn 218
2015-07-27 12:24:07,052 [1] DEBUG LockStepManager [(null)] - LockStepTurnID: 218
2015-07-27 12:24:07,055 [1] DEBUG LockStepManager [(null)] - Sent NoAction action for turn 219
2015-07-27 12:24:07,068 [1] DEBUG LockStepManager [(null)] - LockStepTurnID: 219
2015-07-27 12:24:07,071 [1] DEBUG LockStepManager [(null)] - Sent NoAction action for turn 220
2015-07-27 12:24:07,102 [1] DEBUG LockStepManager [(null)] - LockStepTurnID: 220
2015-07-27 12:24:07,105 [1] DEBUG LockStepManager [(null)] - Sent NoAction action for turn 221
2015-07-27 12:24:07,119 [1] DEBUG LockStepManager [(null)] - LockStepTurnID: 221
2015-07-27 12:24:07,122 [1] DEBUG LockStepManager [(null)] - Sent NoAction action for turn 222
2015-07-27 12:24:07,140 [1] DEBUG LockStepManager [(null)] - LockStepTurnID: 222
2015-07-27 12:24:07,143 [1] DEBUG LockStepManager [(null)] - Sent NoAction action for turn 223
2015-07-27 12:24:07,146 [1] DEBUG LockStepManager [(null)] - LockStepTurnID: 223
2015-07-27 12:24:07,149 [1] DEBUG LockStepManager [(null)] - Sent NoAction action for turn 224
2015-07-27 12:24:07,170 [1] DEBUG LockStepManager [(null)] - LockStepTurnID: 224
2015-07-27 12:24:07,173 [1] DEBUG LockStepManager [(null)] - Sent NoAction action for turn 225
2015-07-27 12:24:07,184 [1] DEBUG LockStepManager [(null)] - LockStepTurnID: 225
2015-07-27 12:24:07,187 [1] DEBUG LockStepManager [(null)] - Sent NoAction action for turn 226
2015-07-27 12:24:07,201 [1] DEBUG LockStepManager [(null)] - LockStepTurnID: 226
2015-07-27 12:24:07,209 [1] DEBUG LockStepManager [(null)] - Sent NoAction action for turn 227
2015-07-27 12:24:07,234 [1] DEBUG LockStepManager [(null)] - LockStepTurnID: 227
2015-07-27 12:24:07,237 [1] DEBUG LockStepManager [(null)] - Sent NoAction action for turn 228
2015-07-27 12:24:07,251 [1] DEBUG LockStepManager [(null)] - LockStepTurnID: 228
2015-07-27 12:24:07,255 [1] DEBUG LockStepManager [(null)] - Sent NoAction action for turn 229
2015-07-27 12:24:07,285 [1] DEBUG LockStepManager [(null)] - LockStepTurnID: 229
2015-07-27 12:24:07,288 [1] DEBUG LockStepManager [(null)] - Sent NoAction action for turn 230
2015-07-27 12:24:07,302 [1] DEBUG LockStepManager [(null)] - LockStepTurnID: 230
2015-07-27 12:24:07,305 [1] DEBUG LockStepManager [(null)] - Sent NoAction action for turn 231
2015-07-27 12:24:07,341 [1] DEBUG LockStepManager [(null)] - LockStepTurnID: 231
2015-07-27 12:24:07,345 [1] DEBUG LockStepManager [(null)] - Sent NoAction action for turn 232
2015-07-27 12:24:07,358 [1] DEBUG LockStepManager [(null)] - LockStepTurnID: 232
2015-07-27 12:24:07,361 [1] DEBUG LockStepManager [(null)] - Sent NoAction action for turn 233
2015-07-27 12:24:07,375 [1] DEBUG LockStepManager [(null)] - LockStepTurnID: 233
2015-07-27 12:24:07,378 [1] DEBUG LockStepManager [(null)] - Sent NoAction action for turn 234
2015-07-27 12:24:07,392 [1] DEBUG LockStepManager [(null)] - LockStepTurnID: 234
2015-07-27 12:24:07,395 [1] DEBUG LockStepManager [(null)] - Sent NoAction action for turn 235
2015-07-27 12:24:07,409 [1] DEBUG LockStepManager [(null)] - LockStepTurnID: 235
2015-07-27 12:24:07,412 [1] DEBUG LockStepManager [(null)] - Sent NoAction action for turn 236
2015-07-27 12:24:07,426 [1] DEBUG LockStepManager [(null)] - LockStepTurnID: 236
2015-07-27 12:24:07,429 [1] DEBUG LockStepManager [(null)] - Sent NoAction action for turn 237
2015-07-27 12:24:07,443 [1] DEBUG LockStepManager [(null)] - LockStepTurnID: 237
2015-07-27 12:24:07,446 [1] DEBUG LockStepManager [(null)] - Sent NoAction action for turn 238
2015-07-27 12:24:07,459 [1] DEBUG LockStepManager [(null)] - LockStepTurnID: 238
2015-07-27 12:24:07,462 [1] DEBUG LockStepManager [(null)] - Sent NoAction action for turn 239
2015-07-27 12:24:07,483 [1] DEBUG LockStepManager [(null)] - LockStepTurnID: 239
2015-07-27 12:24:07,486 [1] DEBUG LockStepManager [(null)] - Sent NoAction action for turn 240
2015-07-27 12:24:07,500 [1] DEBUG LockStepManager [(null)] - LockStepTurnID: 240
2015-07-27 12:24:07,503 [1] DEBUG LockStepManager [(null)] - Sent NoAction action for turn 241
2015-07-27 12:24:07,517 [1] DEBUG LockStepManager [(null)] - LockStepTurnID: 241
2015-07-27 12:24:07,520 [1] DEBUG LockStepManager [(null)] - Sent NoAction action for turn 242
2015-07-27 12:24:07,534 [1] DEBUG LockStepManager [(null)] - LockStepTurnID: 242
2015-07-27 12:24:07,537 [1] DEBUG LockStepManager [(null)] - Sent NoAction action for turn 243
2015-07-27 12:24:07,572 [1] DEBUG LockStepManager [(null)] - LockStepTurnID: 243
2015-07-27 12:24:07,575 [1] DEBUG LockStepManager [(null)] - Sent NoAction action for turn 244
2015-07-27 12:24:07,589 [1] DEBUG LockStepManager [(null)] - LockStepTurnID: 244
2015-07-27 12:24:07,592 [1] DEBUG LockStepManager [(null)] - Sent NoAction action for turn 245
2015-07-27 12:24:07,606 [1] DEBUG LockStepManager [(null)] - LockStepTurnID: 245
2015-07-27 12:24:07,609 [1] DEBUG LockStepManager [(null)] - Sent NoAction action for turn 246
2015-07-27 12:24:07,630 [1] DEBUG LockStepManager [(null)] - LockStepTurnID: 246
2015-07-27 12:24:07,633 [1] DEBUG LockStepManager [(null)] - Sent NoAction action for turn 247
2015-07-27 12:24:07,646 [1] DEBUG LockStepManager [(null)] - LockStepTurnID: 247
2015-07-27 12:24:07,649 [1] DEBUG LockStepManager [(null)] - Sent NoAction action for turn 248
2015-07-27 12:24:07,663 [1] DEBUG LockStepManager [(null)] - LockStepTurnID: 248
2015-07-27 12:24:07,666 [1] DEBUG LockStepManager [(null)] - Sent NoAction action for turn 249
2015-07-27 12:24:07,680 [1] DEBUG LockStepManager [(null)] - LockStepTurnID: 249
2015-07-27 12:24:07,683 [1] DEBUG LockStepManager [(null)] - Sent NoAction action for turn 250
2015-07-27 12:24:07,714 [1] DEBUG LockStepManager [(null)] - LockStepTurnID: 250
2015-07-27 12:24:07,717 [1] DEBUG LockStepManager [(null)] - Sent NoAction action for turn 251
2015-07-27 12:24:07,731 [1] DEBUG LockStepManager [(null)] - LockStepTurnID: 251
2015-07-27 12:24:07,734 [1] DEBUG LockStepManager [(null)] - Sent NoAction action for turn 252
2015-07-27 12:24:07,748 [1] DEBUG LockStepManager [(null)] - LockStepTurnID: 252
2015-07-27 12:24:07,751 [1] DEBUG LockStepManager [(null)] - Sent NoAction action for turn 253
2015-07-27 12:24:07,769 [1] DEBUG LockStepManager [(null)] - LockStepTurnID: 253
2015-07-27 12:24:07,772 [1] DEBUG LockStepManager [(null)] - Sent NoAction action for turn 254
2015-07-27 12:24:07,787 [1] DEBUG LockStepManager [(null)] - LockStepTurnID: 254
2015-07-27 12:24:07,790 [1] DEBUG LockStepManager [(null)] - Sent NoAction action for turn 255
2015-07-27 12:24:07,804 [1] DEBUG LockStepManager [(null)] - LockStepTurnID: 255
2015-07-27 12:24:07,807 [1] DEBUG LockStepManager [(null)] - Sent NoAction action for turn 256
2015-07-27 12:24:07,821 [1] DEBUG LockStepManager [(null)] - LockStepTurnID: 256
2015-07-27 12:24:07,825 [1] DEBUG LockStepManager [(null)] - Sent NoAction action for turn 257
2015-07-27 12:24:07,855 [1] DEBUG LockStepManager [(null)] - LockStepTurnID: 257
2015-07-27 12:24:07,858 [1] DEBUG LockStepManager [(null)] - Sent NoAction action for turn 258
2015-07-27 12:24:07,872 [1] DEBUG LockStepManager [(null)] - LockStepTurnID: 258
2015-07-27 12:24:07,875 [1] DEBUG LockStepManager [(null)] - Sent NoAction action for turn 259
2015-07-27 12:24:07,889 [1] DEBUG LockStepManager [(null)] - LockStepTurnID: 259
2015-07-27 12:24:07,892 [1] DEBUG LockStepManager [(null)] - Sent NoAction action for turn 260
2015-07-27 12:24:07,905 [1] DEBUG LockStepManager [(null)] - LockStepTurnID: 260
2015-07-27 12:24:07,914 [1] DEBUG LockStepManager [(null)] - Sent NoAction action for turn 261
2015-07-27 12:24:07,926 [1] DEBUG LockStepManager [(null)] - LockStepTurnID: 261
2015-07-27 12:24:07,929 [1] DEBUG LockStepManager [(null)] - Sent NoAction action for turn 262
2015-07-27 12:24:07,950 [1] DEBUG LockStepManager [(null)] - LockStepTurnID: 262
2015-07-27 12:24:07,953 [1] DEBUG LockStepManager [(null)] - Sent NoAction action for turn 263
2015-07-27 12:24:07,971 [1] DEBUG LockStepManager [(null)] - LockStepTurnID: 263
2015-07-27 12:24:07,975 [1] DEBUG LockStepManager [(null)] - Sent NoAction action for turn 264
2015-07-27 12:24:07,978 [1] DEBUG LockStepManager [(null)] - LockStepTurnID: 264
2015-07-27 12:24:07,980 [1] DEBUG LockStepManager [(null)] - Sent NoAction action for turn 265
2015-07-27 12:24:07,991 [1] DEBUG LockStepManager [(null)] - LockStepTurnID: 265
2015-07-27 12:24:07,994 [1] DEBUG LockStepManager [(null)] - Sent NoAction action for turn 266
2015-07-27 12:24:08,022 [1] DEBUG LockStepManager [(null)] - LockStepTurnID: 266
2015-07-27 12:24:08,025 [1] DEBUG LockStepManager [(null)] - Sent NoAction action for turn 267
2015-07-27 12:24:08,039 [1] DEBUG LockStepManager [(null)] - LockStepTurnID: 267
2015-07-27 12:24:08,041 [1] DEBUG LockStepManager [(null)] - Sent NoAction action for turn 268
2015-07-27 12:24:08,073 [1] DEBUG LockStepManager [(null)] - LockStepTurnID: 268
2015-07-27 12:24:08,076 [1] DEBUG LockStepManager [(null)] - Sent NoAction action for turn 269
2015-07-27 12:24:08,090 [1] DEBUG LockStepManager [(null)] - LockStepTurnID: 269
2015-07-27 12:24:08,093 [1] DEBUG LockStepManager [(null)] - Sent NoAction action for turn 270
2015-07-27 12:24:08,114 [1] DEBUG LockStepManager [(null)] - LockStepTurnID: 270
2015-07-27 12:24:08,117 [1] DEBUG LockStepManager [(null)] - Sent NoAction action for turn 271
2015-07-27 12:24:08,263 [1] DEBUG NetworkManager [(null)] - Local server connection disconnected
